\BOOKMARK [1][-]{section.1}{\376\377\116\300\116\110\146\057\000\040\000l\000e\000x\000/\000f\000l\000e\000x\377\037}{}% 1
\BOOKMARK [2][-]{subsection.1.1}{\376\377\172\013\136\217\213\276\213\241\213\364\146\016}{section.1}% 2
\BOOKMARK [2][-]{subsection.1.2}{\376\377\155\113\213\325\142\245\124\112}{section.1}% 3
\BOOKMARK [1][-]{section.2}{\376\377\165\050\000\040\000f\000l\000e\000x\000\040\165\037\142\020\000\040\000P\000L\000\040\213\355\212\000\166\204\213\315\154\325\122\006\147\220\126\150}{}% 4
\BOOKMARK [2][-]{subsection.2.1}{\376\377\172\013\136\217\213\276\213\241\213\364\146\016}{section.2}% 5
\BOOKMARK [3][-]{subsubsection.2.1.1}{\376\377\121\167\117\123\133\236\163\260}{subsection.2.1}% 6
\BOOKMARK [2][-]{subsection.2.2}{\376\377\155\113\213\325\142\245\124\112}{section.2}% 7
\BOOKMARK [3][-]{subsubsection.2.2.1}{\376\377\213\306\122\053\000\040\000C\000H\000A\000R\000C\000O\000N}{subsection.2.2}% 8
\BOOKMARK [1][-]{section.3}{\376\377\213\315\154\325\122\006\147\220\172\013\136\217\166\204\213\276\213\241\116\016\133\236\163\260\377\010\000C\000/\000C\000+\000+\377\011}{}% 9
\BOOKMARK [2][-]{subsection.3.1}{\376\377\172\013\136\217\213\276\213\241\213\364\146\016}{section.3}% 10
\BOOKMARK [3][-]{subsubsection.3.1.1}{\376\377\221\115\133\371\177\023\121\262\123\072\133\236\163\260}{subsection.3.1}% 11
\BOOKMARK [3][-]{subsubsection.3.1.2}{\376\377\136\070\221\317\210\150\145\160\143\156\176\323\147\204}{subsection.3.1}% 12
\BOOKMARK [3][-]{subsubsection.3.1.3}{\376\377\133\214\145\164\217\154\143\142\126\376}{subsection.3.1}% 13
\BOOKMARK [2][-]{subsection.3.2}{\376\377\155\113\213\325\142\245\124\112}{section.3}% 14
\BOOKMARK [3][-]{subsubsection.3.2.1}{\376\377\133\371\124\010\154\325\166\204\116\015\136\046\124\016\177\000\166\204\121\153\217\333\122\066\145\160\116\016\123\101\121\155\217\333\122\066\145\160\166\204\213\306\122\053}{subsection.3.2}% 15
\BOOKMARK [3][-]{subsubsection.3.2.2}{\376\377\133\371\124\010\154\325\166\204\136\046\124\016\177\000\166\204\123\101\217\333\122\066\145\160\166\204\213\306\122\053}{subsection.3.2}% 16
\BOOKMARK [3][-]{subsubsection.3.2.3}{\376\377\200\003\206\121\133\214\145\164\166\204\155\156\160\271\127\213\136\070\221\317\166\204\213\306\122\053}{subsection.3.2}% 17
\BOOKMARK [3][-]{subsubsection.3.2.4}{\376\377\136\046\122\115\177\000\166\204\133\127\173\046\116\062\136\070\221\317\166\204\213\306\122\053}{subsection.3.2}% 18
\BOOKMARK [3][-]{subsubsection.3.2.5}{\376\377\133\214\145\164\166\204\133\127\173\046\136\070\221\317\166\204\213\306\122\053}{subsection.3.2}% 19
\BOOKMARK [3][-]{subsubsection.3.2.6}{\376\377\133\127\173\046\116\062}{subsection.3.2}% 20
\BOOKMARK [1][-]{section.4}{\376\377\176\277\116\012\155\113\213\325\117\213\220\032\217\307\140\305\121\265\142\052\126\376}{}% 21
